[Thu Apr 08 07:24:16.083449 2021] [ssl:warn] [pid 1] AH01882: Init: this version of mod_ssl was compiled against a newer library (OpenSSL 1.0.2s  28 May 2019, version currently loaded is OpenSSL 1.0.2q  20 Nov 2018) - may result in undefined or erroneous behavior
AH00558: apache2: Could not reliably determine the server's fully qualified domain name, using 172.17.0.2. Set the 'ServerName' directive globally to suppress this message
[Thu Apr 08 07:24:16.153237 2021] [ssl:warn] [pid 1] AH01882: Init: this version of mod_ssl was compiled against a newer library (OpenSSL 1.0.2s  28 May 2019, version currently loaded is OpenSSL 1.0.2q  20 Nov 2018) - may result in undefined or erroneous behavior
[Thu Apr 08 07:24:16.156263 2021] [mpm_prefork:notice] [pid 1] AH00163: Apache/2.4.25 (Debian) OpenSSL/1.0.2q configured -- resuming normal operations
[Thu Apr 08 07:24:16.156313 2021] [core:notice] [pid 1] AH00094: Command line: 'apache2 -D FOREGROUND'
[Thu Apr 08 08:04:43.012877 2021] [mpm_prefork:notice] [pid 1] AH00169: caught SIGTERM, shutting down
[Mon Apr 12 17:44:08.769076 2021] [ssl:warn] [pid 1] AH01882: Init: this version of mod_ssl was compiled against a newer library (OpenSSL 1.0.2s  28 May 2019, version currently loaded is OpenSSL 1.0.2q  20 Nov 2018) - may result in undefined or erroneous behavior
AH00558: apache2: Could not reliably determine the server's fully qualified domain name, using 172.17.0.2. Set the 'ServerName' directive globally to suppress this message
Cannot load Zend OPcache - extension already loaded
PHP Warning:  PHP Startup: Unable to load dynamic library '/usr/local/lib/php/extensions/no-debug-non-zts-20131226/mysqlnd.so' - /usr/local/lib/php/extensions/no-debug-non-zts-20131226/mysqlnd.so: cannot open shared object file: No such file or directory in Unknown on line 0
PHP Warning:  Module 'PDO' already loaded in Unknown on line 0
PHP Warning:  PHP Startup: Unable to load dynamic library '/usr/local/lib/php/extensions/no-debug-non-zts-20131226/xml.so' - /usr/local/lib/php/extensions/no-debug-non-zts-20131226/xml.so: cannot open shared object file: No such file or directory in Unknown on line 0
PHP Warning:  PHP Startup: Unable to load dynamic library '/usr/local/lib/php/extensions/no-debug-non-zts-20131226/calendar.so' - /usr/local/lib/php/extensions/no-debug-non-zts-20131226/calendar.so: cannot open shared object file: No such file or directory in Unknown on line 0
PHP Warning:  PHP Startup: Unable to load dynamic library '/usr/local/lib/php/extensions/no-debug-non-zts-20131226/ctype.so' - /usr/local/lib/php/extensions/no-debug-non-zts-20131226/ctype.so: cannot open shared object file: No such file or directory in Unknown on line 0
PHP Warning:  PHP Startup: Unable to load dynamic library '/usr/local/lib/php/extensions/no-debug-non-zts-20131226/curl.so' - /usr/local/lib/php/extensions/no-debug-non-zts-20131226/curl.so: cannot open shared object file: No such file or directory in Unknown on line 0
PHP Warning:  PHP Startup: Unable to load dynamic library '/usr/local/lib/php/extensions/no-debug-non-zts-20131226/dom.so' - /usr/local/lib/php/extensions/no-debug-non-zts-20131226/dom.so: cannot open shared object file: No such file or directory in Unknown on line 0
PHP Warning:  PHP Startup: Unable to load dynamic library '/usr/local/lib/php/extensions/no-debug-non-zts-20131226/exif.so' - /usr/local/lib/php/extensions/no-debug-non-zts-20131226/exif.so: cannot open shared object file: No such file or directory in Unknown on line 0
PHP Warning:  PHP Startup: Unable to load dynamic library '/usr/local/lib/php/extensions/no-debug-non-zts-20131226/fileinfo.so' - /usr/local/lib/php/extensions/no-debug-non-zts-20131226/fileinfo.so: cannot open shared object file: No such file or directory in Unknown on line 0
PHP Warning:  PHP Startup: Unable to load dynamic library '/usr/local/lib/php/extensions/no-debug-non-zts-20131226/ftp.so' - /usr/local/lib/php/extensions/no-debug-non-zts-20131226/ftp.so: cannot open shared object file: No such file or directory in Unknown on line 0
PHP Warning:  PHP Startup: Unable to load dynamic library '/usr/local/lib/php/extensions/no-debug-non-zts-20131226/gettext.so' - /usr/local/lib/php/extensions/no-debug-non-zts-20131226/gettext.so: cannot open shared object file: No such file or directory in Unknown on line 0
PHP Warning:  PHP Startup: Unable to load dynamic library '/usr/local/lib/php/extensions/no-debug-non-zts-20131226/iconv.so' - /usr/local/lib/php/extensions/no-debug-non-zts-20131226/iconv.so: cannot open shared object file: No such file or directory in Unknown on line 0
PHP Warning:  PHP Startup: Unable to load dynamic library '/usr/local/lib/php/extensions/no-debug-non-zts-20131226/igbinary.so' - /usr/local/lib/php/extensions/no-debug-non-zts-20131226/igbinary.so: cannot open shared object file: No such file or directory in Unknown on line 0
PHP Warning:  PHP Startup: Unable to load dynamic library '/usr/local/lib/php/extensions/no-debug-non-zts-20131226/json.so' - /usr/local/lib/php/extensions/no-debug-non-zts-20131226/json.so: cannot open shared object file: No such file or directory in Unknown on line 0
PHP Warning:  Module 'memcache' already loaded in Unknown on line 0
PHP Warning:  PHP Startup: Unable to load dynamic library '/usr/local/lib/php/extensions/no-debug-non-zts-20131226/msgpack.so' - /usr/local/lib/php/extensions/no-debug-non-zts-20131226/msgpack.so: cannot open shared object file: No such file or directory in Unknown on line 0
PHP Warning:  PHP Startup: Unable to load dynamic library '/usr/local/lib/php/extensions/no-debug-non-zts-20131226/phar.so' - /usr/local/lib/php/extensions/no-debug-non-zts-20131226/phar.so: cannot open shared object file: No such file or directory in Unknown on line 0
PHP Warning:  PHP Startup: Unable to load dynamic library '/usr/local/lib/php/extensions/no-debug-non-zts-20131226/posix.so' - /usr/local/lib/php/extensions/no-debug-non-zts-20131226/posix.so: cannot open shared object file: No such file or directory in Unknown on line 0
PHP Warning:  PHP Startup: Unable to load dynamic library '/usr/local/lib/php/extensions/no-debug-non-zts-20131226/readline.so' - /usr/local/lib/php/extensions/no-debug-non-zts-20131226/readline.so: cannot open shared object file: No such file or directory in Unknown on line 0
PHP Warning:  PHP Startup: Unable to load dynamic library '/usr/local/lib/php/extensions/no-debug-non-zts-20131226/shmop.so' - /usr/local/lib/php/extensions/no-debug-non-zts-20131226/shmop.so: cannot open shared object file: No such file or directory in Unknown on line 0
PHP Warning:  PHP Startup: Unable to load dynamic library '/usr/local/lib/php/extensions/no-debug-non-zts-20131226/simplexml.so' - /usr/local/lib/php/extensions/no-debug-non-zts-20131226/simplexml.so: cannot open shared object file: No such file or directory in Unknown on line 0
PHP Warning:  PHP Startup: Unable to load dynamic library '/usr/local/lib/php/extensions/no-debug-non-zts-20131226/sockets.so' - /usr/local/lib/php/extensions/no-debug-non-zts-20131226/sockets.so: cannot open shared object file: No such file or directory in Unknown on line 0
PHP Warning:  PHP Startup: Unable to load dynamic library '/usr/local/lib/php/extensions/no-debug-non-zts-20131226/sysvmsg.so' - /usr/local/lib/php/extensions/no-debug-non-zts-20131226/sysvmsg.so: cannot open shared object file: No such file or directory in Unknown on line 0
PHP Warning:  PHP Startup: Unable to load dynamic library '/usr/local/lib/php/extensions/no-debug-non-zts-20131226/sysvsem.so' - /usr/local/lib/php/extensions/no-debug-non-zts-20131226/sysvsem.so: cannot open shared object file: No such file or directory in Unknown on line 0
PHP Warning:  PHP Startup: Unable to load dynamic library '/usr/local/lib/php/extensions/no-debug-non-zts-20131226/sysvshm.so' - /usr/local/lib/php/extensions/no-debug-non-zts-20131226/sysvshm.so: cannot open shared object file: No such file or directory in Unknown on line 0
PHP Warning:  PHP Startup: Unable to load dynamic library '/usr/local/lib/php/extensions/no-debug-non-zts-20131226/tokenizer.so' - /usr/local/lib/php/extensions/no-debug-non-zts-20131226/tokenizer.so: cannot open shared object file: No such file or directory in Unknown on line 0
PHP Warning:  PHP Startup: Unable to load dynamic library '/usr/local/lib/php/extensions/no-debug-non-zts-20131226/wddx.so' - /usr/local/lib/php/extensions/no-debug-non-zts-20131226/wddx.so: cannot open shared object file: No such file or directory in Unknown on line 0
PHP Warning:  PHP Startup: Unable to load dynamic library '/usr/local/lib/php/extensions/no-debug-non-zts-20131226/xmlreader.so' - /usr/local/lib/php/extensions/no-debug-non-zts-20131226/xmlreader.so: cannot open shared object file: No such file or directory in Unknown on line 0
PHP Warning:  PHP Startup: Unable to load dynamic library '/usr/local/lib/php/extensions/no-debug-non-zts-20131226/xmlwriter.so' - /usr/local/lib/php/extensions/no-debug-non-zts-20131226/xmlwriter.so: cannot open shared object file: No such file or directory in Unknown on line 0
PHP Warning:  PHP Startup: Unable to load dynamic library '/usr/local/lib/php/extensions/no-debug-non-zts-20131226/xsl.so' - /usr/local/lib/php/extensions/no-debug-non-zts-20131226/xsl.so: cannot open shared object file: No such file or directory in Unknown on line 0
PHP Warning:  Module 'memcached' already loaded in Unknown on line 0
[Mon Apr 12 17:44:08.949998 2021] [ssl:warn] [pid 1] AH01882: Init: this version of mod_ssl was compiled against a newer library (OpenSSL 1.0.2s  28 May 2019, version currently loaded is OpenSSL 1.0.2q  20 Nov 2018) - may result in undefined or erroneous behavior
[Mon Apr 12 17:44:08.953064 2021] [mpm_prefork:notice] [pid 1] AH00163: Apache/2.4.25 (Debian) OpenSSL/1.0.2q configured -- resuming normal operations
[Mon Apr 12 17:44:08.953101 2021] [core:notice] [pid 1] AH00094: Command line: 'apache2 -D FOREGROUND'
[Mon Apr 12 17:44:41.564322 2021] [autoindex:error] [pid 18] [client 172.17.0.1:57008] AH01276: Cannot serve directory /var/www/html/: No matching DirectoryIndex (index.php,index.html) found, and server-generated directory index forbidden by Options directive
[Mon Apr 12 17:44:47.946359 2021] [:error] [pid 19] [client 172.17.0.1:57006] script '/var/www/html/index.php' not found or unable to stat
[Mon Apr 12 17:45:28.021387 2021] [:error] [pid 20] [client 172.17.0.1:57016] script '/var/www/html/index.php' not found or unable to stat
[Mon Apr 12 17:45:29.721267 2021] [:error] [pid 20] [client 172.17.0.1:57016] script '/var/www/html/index.php' not found or unable to stat
[Mon Apr 12 17:46:09.244185 2021] [:error] [pid 21] [client 172.17.0.1:57022] script '/var/www/html/index.php' not found or unable to stat
[Mon Apr 12 17:46:15.997808 2021] [mpm_prefork:notice] [pid 1] AH00169: caught SIGTERM, shutting down
[Mon Apr 12 17:46:16.668475 2021] [ssl:warn] [pid 1] AH01882: Init: this version of mod_ssl was compiled against a newer library (OpenSSL 1.0.2s  28 May 2019, version currently loaded is OpenSSL 1.0.2q  20 Nov 2018) - may result in undefined or erroneous behavior
AH00558: apache2: Could not reliably determine the server's fully qualified domain name, using 172.17.0.2. Set the 'ServerName' directive globally to suppress this message
Cannot load Zend OPcache - extension already loaded
PHP Warning:  PHP Startup: Unable to load dynamic library '/usr/local/lib/php/extensions/no-debug-non-zts-20131226/mysqlnd.so' - /usr/local/lib/php/extensions/no-debug-non-zts-20131226/mysqlnd.so: cannot open shared object file: No such file or directory in Unknown on line 0
PHP Warning:  Module 'PDO' already loaded in Unknown on line 0
PHP Warning:  PHP Startup: Unable to load dynamic library '/usr/local/lib/php/extensions/no-debug-non-zts-20131226/xml.so' - /usr/local/lib/php/extensions/no-debug-non-zts-20131226/xml.so: cannot open shared object file: No such file or directory in Unknown on line 0
PHP Warning:  PHP Startup: Unable to load dynamic library '/usr/local/lib/php/extensions/no-debug-non-zts-20131226/calendar.so' - /usr/local/lib/php/extensions/no-debug-non-zts-20131226/calendar.so: cannot open shared object file: No such file or directory in Unknown on line 0
PHP Warning:  PHP Startup: Unable to load dynamic library '/usr/local/lib/php/extensions/no-debug-non-zts-20131226/ctype.so' - /usr/local/lib/php/extensions/no-debug-non-zts-20131226/ctype.so: cannot open shared object file: No such file or directory in Unknown on line 0
PHP Warning:  PHP Startup: Unable to load dynamic library '/usr/local/lib/php/extensions/no-debug-non-zts-20131226/curl.so' - /usr/local/lib/php/extensions/no-debug-non-zts-20131226/curl.so: cannot open shared object file: No such file or directory in Unknown on line 0
PHP Warning:  PHP Startup: Unable to load dynamic library '/usr/local/lib/php/extensions/no-debug-non-zts-20131226/dom.so' - /usr/local/lib/php/extensions/no-debug-non-zts-20131226/dom.so: cannot open shared object file: No such file or directory in Unknown on line 0
PHP Warning:  PHP Startup: Unable to load dynamic library '/usr/local/lib/php/extensions/no-debug-non-zts-20131226/exif.so' - /usr/local/lib/php/extensions/no-debug-non-zts-20131226/exif.so: cannot open shared object file: No such file or directory in Unknown on line 0
PHP Warning:  PHP Startup: Unable to load dynamic library '/usr/local/lib/php/extensions/no-debug-non-zts-20131226/fileinfo.so' - /usr/local/lib/php/extensions/no-debug-non-zts-20131226/fileinfo.so: cannot open shared object file: No such file or directory in Unknown on line 0
PHP Warning:  PHP Startup: Unable to load dynamic library '/usr/local/lib/php/extensions/no-debug-non-zts-20131226/ftp.so' - /usr/local/lib/php/extensions/no-debug-non-zts-20131226/ftp.so: cannot open shared object file: No such file or directory in Unknown on line 0
PHP Warning:  PHP Startup: Unable to load dynamic library '/usr/local/lib/php/extensions/no-debug-non-zts-20131226/gettext.so' - /usr/local/lib/php/extensions/no-debug-non-zts-20131226/gettext.so: cannot open shared object file: No such file or directory in Unknown on line 0
PHP Warning:  PHP Startup: Unable to load dynamic library '/usr/local/lib/php/extensions/no-debug-non-zts-20131226/iconv.so' - /usr/local/lib/php/extensions/no-debug-non-zts-20131226/iconv.so: cannot open shared object file: No such file or directory in Unknown on line 0
PHP Warning:  PHP Startup: Unable to load dynamic library '/usr/local/lib/php/extensions/no-debug-non-zts-20131226/igbinary.so' - /usr/local/lib/php/extensions/no-debug-non-zts-20131226/igbinary.so: cannot open shared object file: No such file or directory in Unknown on line 0
PHP Warning:  PHP Startup: Unable to load dynamic library '/usr/local/lib/php/extensions/no-debug-non-zts-20131226/json.so' - /usr/local/lib/php/extensions/no-debug-non-zts-20131226/json.so: cannot open shared object file: No such file or directory in Unknown on line 0
PHP Warning:  Module 'memcache' already loaded in Unknown on line 0
PHP Warning:  PHP Startup: Unable to load dynamic library '/usr/local/lib/php/extensions/no-debug-non-zts-20131226/msgpack.so' - /usr/local/lib/php/extensions/no-debug-non-zts-20131226/msgpack.so: cannot open shared object file: No such file or directory in Unknown on line 0
PHP Warning:  PHP Startup: Unable to load dynamic library '/usr/local/lib/php/extensions/no-debug-non-zts-20131226/phar.so' - /usr/local/lib/php/extensions/no-debug-non-zts-20131226/phar.so: cannot open shared object file: No such file or directory in Unknown on line 0
PHP Warning:  PHP Startup: Unable to load dynamic library '/usr/local/lib/php/extensions/no-debug-non-zts-20131226/posix.so' - /usr/local/lib/php/extensions/no-debug-non-zts-20131226/posix.so: cannot open shared object file: No such file or directory in Unknown on line 0
PHP Warning:  PHP Startup: Unable to load dynamic library '/usr/local/lib/php/extensions/no-debug-non-zts-20131226/readline.so' - /usr/local/lib/php/extensions/no-debug-non-zts-20131226/readline.so: cannot open shared object file: No such file or directory in Unknown on line 0
PHP Warning:  PHP Startup: Unable to load dynamic library '/usr/local/lib/php/extensions/no-debug-non-zts-20131226/shmop.so' - /usr/local/lib/php/extensions/no-debug-non-zts-20131226/shmop.so: cannot open shared object file: No such file or directory in Unknown on line 0
PHP Warning:  PHP Startup: Unable to load dynamic library '/usr/local/lib/php/extensions/no-debug-non-zts-20131226/simplexml.so' - /usr/local/lib/php/extensions/no-debug-non-zts-20131226/simplexml.so: cannot open shared object file: No such file or directory in Unknown on line 0
PHP Warning:  PHP Startup: Unable to load dynamic library '/usr/local/lib/php/extensions/no-debug-non-zts-20131226/sockets.so' - /usr/local/lib/php/extensions/no-debug-non-zts-20131226/sockets.so: cannot open shared object file: No such file or directory in Unknown on line 0
PHP Warning:  PHP Startup: Unable to load dynamic library '/usr/local/lib/php/extensions/no-debug-non-zts-20131226/sysvmsg.so' - /usr/local/lib/php/extensions/no-debug-non-zts-20131226/sysvmsg.so: cannot open shared object file: No such file or directory in Unknown on line 0
PHP Warning:  PHP Startup: Unable to load dynamic library '/usr/local/lib/php/extensions/no-debug-non-zts-20131226/sysvsem.so' - /usr/local/lib/php/extensions/no-debug-non-zts-20131226/sysvsem.so: cannot open shared object file: No such file or directory in Unknown on line 0
PHP Warning:  PHP Startup: Unable to load dynamic library '/usr/local/lib/php/extensions/no-debug-non-zts-20131226/sysvshm.so' - /usr/local/lib/php/extensions/no-debug-non-zts-20131226/sysvshm.so: cannot open shared object file: No such file or directory in Unknown on line 0
PHP Warning:  PHP Startup: Unable to load dynamic library '/usr/local/lib/php/extensions/no-debug-non-zts-20131226/tokenizer.so' - /usr/local/lib/php/extensions/no-debug-non-zts-20131226/tokenizer.so: cannot open shared object file: No such file or directory in Unknown on line 0
PHP Warning:  PHP Startup: Unable to load dynamic library '/usr/local/lib/php/extensions/no-debug-non-zts-20131226/wddx.so' - /usr/local/lib/php/extensions/no-debug-non-zts-20131226/wddx.so: cannot open shared object file: No such file or directory in Unknown on line 0
PHP Warning:  PHP Startup: Unable to load dynamic library '/usr/local/lib/php/extensions/no-debug-non-zts-20131226/xmlreader.so' - /usr/local/lib/php/extensions/no-debug-non-zts-20131226/xmlreader.so: cannot open shared object file: No such file or directory in Unknown on line 0
PHP Warning:  PHP Startup: Unable to load dynamic library '/usr/local/lib/php/extensions/no-debug-non-zts-20131226/xmlwriter.so' - /usr/local/lib/php/extensions/no-debug-non-zts-20131226/xmlwriter.so: cannot open shared object file: No such file or directory in Unknown on line 0
PHP Warning:  PHP Startup: Unable to load dynamic library '/usr/local/lib/php/extensions/no-debug-non-zts-20131226/xsl.so' - /usr/local/lib/php/extensions/no-debug-non-zts-20131226/xsl.so: cannot open shared object file: No such file or directory in Unknown on line 0
PHP Warning:  Module 'memcached' already loaded in Unknown on line 0
[Mon Apr 12 17:46:16.718588 2021] [ssl:warn] [pid 1] AH01882: Init: this version of mod_ssl was compiled against a newer library (OpenSSL 1.0.2s  28 May 2019, version currently loaded is OpenSSL 1.0.2q  20 Nov 2018) - may result in undefined or erroneous behavior
[Mon Apr 12 17:46:16.723214 2021] [mpm_prefork:notice] [pid 1] AH00163: Apache/2.4.25 (Debian) OpenSSL/1.0.2q configured -- resuming normal operations
[Mon Apr 12 17:46:16.723641 2021] [core:notice] [pid 1] AH00094: Command line: 'apache2 -D FOREGROUND'
[Mon Apr 12 17:46:22.183120 2021] [:error] [pid 18] [client 172.17.0.1:57034] script '/var/www/html/index.php' not found or unable to stat
[Mon Apr 12 17:46:23.552944 2021] [:error] [pid 18] [client 172.17.0.1:57034] script '/var/www/html/index.php' not found or unable to stat
[Mon Apr 12 17:47:15.228308 2021] [autoindex:error] [pid 20] [client 172.17.0.1:57048] AH01276: Cannot serve directory /var/www/html/html/: No matching DirectoryIndex (index.php,index.html) found, and server-generated directory index forbidden by Options directive
[Mon Apr 12 17:56:06.056260 2021] [mpm_prefork:notice] [pid 1] AH00169: caught SIGTERM, shutting down
[Mon Apr 12 17:56:55.742048 2021] [ssl:warn] [pid 1] AH01882: Init: this version of mod_ssl was compiled against a newer library (OpenSSL 1.0.2s  28 May 2019, version currently loaded is OpenSSL 1.0.2q  20 Nov 2018) - may result in undefined or erroneous behavior
AH00558: apache2: Could not reliably determine the server's fully qualified domain name, using 172.18.0.2. Set the 'ServerName' directive globally to suppress this message
Cannot load Zend OPcache - extension already loaded
PHP Warning:  PHP Startup: Unable to load dynamic library '/usr/local/lib/php/extensions/no-debug-non-zts-20131226/mysqlnd.so' - /usr/local/lib/php/extensions/no-debug-non-zts-20131226/mysqlnd.so: cannot open shared object file: No such file or directory in Unknown on line 0
PHP Warning:  Module 'PDO' already loaded in Unknown on line 0
PHP Warning:  PHP Startup: Unable to load dynamic library '/usr/local/lib/php/extensions/no-debug-non-zts-20131226/xml.so' - /usr/local/lib/php/extensions/no-debug-non-zts-20131226/xml.so: cannot open shared object file: No such file or directory in Unknown on line 0
PHP Warning:  PHP Startup: Unable to load dynamic library '/usr/local/lib/php/extensions/no-debug-non-zts-20131226/calendar.so' - /usr/local/lib/php/extensions/no-debug-non-zts-20131226/calendar.so: cannot open shared object file: No such file or directory in Unknown on line 0
PHP Warning:  PHP Startup: Unable to load dynamic library '/usr/local/lib/php/extensions/no-debug-non-zts-20131226/ctype.so' - /usr/local/lib/php/extensions/no-debug-non-zts-20131226/ctype.so: cannot open shared object file: No such file or directory in Unknown on line 0
PHP Warning:  PHP Startup: Unable to load dynamic library '/usr/local/lib/php/extensions/no-debug-non-zts-20131226/curl.so' - /usr/local/lib/php/extensions/no-debug-non-zts-20131226/curl.so: cannot open shared object file: No such file or directory in Unknown on line 0
PHP Warning:  PHP Startup: Unable to load dynamic library '/usr/local/lib/php/extensions/no-debug-non-zts-20131226/dom.so' - /usr/local/lib/php/extensions/no-debug-non-zts-20131226/dom.so: cannot open shared object file: No such file or directory in Unknown on line 0
PHP Warning:  PHP Startup: Unable to load dynamic library '/usr/local/lib/php/extensions/no-debug-non-zts-20131226/exif.so' - /usr/local/lib/php/extensions/no-debug-non-zts-20131226/exif.so: cannot open shared object file: No such file or directory in Unknown on line 0
PHP Warning:  PHP Startup: Unable to load dynamic library '/usr/local/lib/php/extensions/no-debug-non-zts-20131226/fileinfo.so' - /usr/local/lib/php/extensions/no-debug-non-zts-20131226/fileinfo.so: cannot open shared object file: No such file or directory in Unknown on line 0
PHP Warning:  PHP Startup: Unable to load dynamic library '/usr/local/lib/php/extensions/no-debug-non-zts-20131226/ftp.so' - /usr/local/lib/php/extensions/no-debug-non-zts-20131226/ftp.so: cannot open shared object file: No such file or directory in Unknown on line 0
PHP Warning:  PHP Startup: Unable to load dynamic library '/usr/local/lib/php/extensions/no-debug-non-zts-20131226/gettext.so' - /usr/local/lib/php/extensions/no-debug-non-zts-20131226/gettext.so: cannot open shared object file: No such file or directory in Unknown on line 0
PHP Warning:  PHP Startup: Unable to load dynamic library '/usr/local/lib/php/extensions/no-debug-non-zts-20131226/iconv.so' - /usr/local/lib/php/extensions/no-debug-non-zts-20131226/iconv.so: cannot open shared object file: No such file or directory in Unknown on line 0
PHP Warning:  PHP Startup: Unable to load dynamic library '/usr/local/lib/php/extensions/no-debug-non-zts-20131226/igbinary.so' - /usr/local/lib/php/extensions/no-debug-non-zts-20131226/igbinary.so: cannot open shared object file: No such file or directory in Unknown on line 0
PHP Warning:  PHP Startup: Unable to load dynamic library '/usr/local/lib/php/extensions/no-debug-non-zts-20131226/json.so' - /usr/local/lib/php/extensions/no-debug-non-zts-20131226/json.so: cannot open shared object file: No such file or directory in Unknown on line 0
PHP Warning:  Module 'memcache' already loaded in Unknown on line 0
PHP Warning:  PHP Startup: Unable to load dynamic library '/usr/local/lib/php/extensions/no-debug-non-zts-20131226/msgpack.so' - /usr/local/lib/php/extensions/no-debug-non-zts-20131226/msgpack.so: cannot open shared object file: No such file or directory in Unknown on line 0
PHP Warning:  PHP Startup: Unable to load dynamic library '/usr/local/lib/php/extensions/no-debug-non-zts-20131226/phar.so' - /usr/local/lib/php/extensions/no-debug-non-zts-20131226/phar.so: cannot open shared object file: No such file or directory in Unknown on line 0
PHP Warning:  PHP Startup: Unable to load dynamic library '/usr/local/lib/php/extensions/no-debug-non-zts-20131226/posix.so' - /usr/local/lib/php/extensions/no-debug-non-zts-20131226/posix.so: cannot open shared object file: No such file or directory in Unknown on line 0
PHP Warning:  PHP Startup: Unable to load dynamic library '/usr/local/lib/php/extensions/no-debug-non-zts-20131226/readline.so' - /usr/local/lib/php/extensions/no-debug-non-zts-20131226/readline.so: cannot open shared object file: No such file or directory in Unknown on line 0
PHP Warning:  PHP Startup: Unable to load dynamic library '/usr/local/lib/php/extensions/no-debug-non-zts-20131226/shmop.so' - /usr/local/lib/php/extensions/no-debug-non-zts-20131226/shmop.so: cannot open shared object file: No such file or directory in Unknown on line 0
PHP Warning:  PHP Startup: Unable to load dynamic library '/usr/local/lib/php/extensions/no-debug-non-zts-20131226/simplexml.so' - /usr/local/lib/php/extensions/no-debug-non-zts-20131226/simplexml.so: cannot open shared object file: No such file or directory in Unknown on line 0
PHP Warning:  PHP Startup: Unable to load dynamic library '/usr/local/lib/php/extensions/no-debug-non-zts-20131226/sockets.so' - /usr/local/lib/php/extensions/no-debug-non-zts-20131226/sockets.so: cannot open shared object file: No such file or directory in Unknown on line 0
PHP Warning:  PHP Startup: Unable to load dynamic library '/usr/local/lib/php/extensions/no-debug-non-zts-20131226/sysvmsg.so' - /usr/local/lib/php/extensions/no-debug-non-zts-20131226/sysvmsg.so: cannot open shared object file: No such file or directory in Unknown on line 0
PHP Warning:  PHP Startup: Unable to load dynamic library '/usr/local/lib/php/extensions/no-debug-non-zts-20131226/sysvsem.so' - /usr/local/lib/php/extensions/no-debug-non-zts-20131226/sysvsem.so: cannot open shared object file: No such file or directory in Unknown on line 0
PHP Warning:  PHP Startup: Unable to load dynamic library '/usr/local/lib/php/extensions/no-debug-non-zts-20131226/sysvshm.so' - /usr/local/lib/php/extensions/no-debug-non-zts-20131226/sysvshm.so: cannot open shared object file: No such file or directory in Unknown on line 0
PHP Warning:  PHP Startup: Unable to load dynamic library '/usr/local/lib/php/extensions/no-debug-non-zts-20131226/tokenizer.so' - /usr/local/lib/php/extensions/no-debug-non-zts-20131226/tokenizer.so: cannot open shared object file: No such file or directory in Unknown on line 0
PHP Warning:  PHP Startup: Unable to load dynamic library '/usr/local/lib/php/extensions/no-debug-non-zts-20131226/wddx.so' - /usr/local/lib/php/extensions/no-debug-non-zts-20131226/wddx.so: cannot open shared object file: No such file or directory in Unknown on line 0
PHP Warning:  PHP Startup: Unable to load dynamic library '/usr/local/lib/php/extensions/no-debug-non-zts-20131226/xmlreader.so' - /usr/local/lib/php/extensions/no-debug-non-zts-20131226/xmlreader.so: cannot open shared object file: No such file or directory in Unknown on line 0
PHP Warning:  PHP Startup: Unable to load dynamic library '/usr/local/lib/php/extensions/no-debug-non-zts-20131226/xmlwriter.so' - /usr/local/lib/php/extensions/no-debug-non-zts-20131226/xmlwriter.so: cannot open shared object file: No such file or directory in Unknown on line 0
PHP Warning:  PHP Startup: Unable to load dynamic library '/usr/local/lib/php/extensions/no-debug-non-zts-20131226/xsl.so' - /usr/local/lib/php/extensions/no-debug-non-zts-20131226/xsl.so: cannot open shared object file: No such file or directory in Unknown on line 0
PHP Warning:  Module 'memcached' already loaded in Unknown on line 0
[Mon Apr 12 17:56:55.786894 2021] [ssl:warn] [pid 1] AH01882: Init: this version of mod_ssl was compiled against a newer library (OpenSSL 1.0.2s  28 May 2019, version currently loaded is OpenSSL 1.0.2q  20 Nov 2018) - may result in undefined or erroneous behavior
[Mon Apr 12 17:56:55.789587 2021] [mpm_prefork:notice] [pid 1] AH00163: Apache/2.4.25 (Debian) OpenSSL/1.0.2q configured -- resuming normal operations
[Mon Apr 12 17:56:55.789641 2021] [core:notice] [pid 1] AH00094: Command line: 'apache2 -D FOREGROUND'
[Mon Apr 12 17:58:42.968010 2021] [mpm_prefork:notice] [pid 1] AH00169: caught SIGTERM, shutting down
[Mon Apr 12 17:58:56.452508 2021] [ssl:warn] [pid 1] AH01882: Init: this version of mod_ssl was compiled against a newer library (OpenSSL 1.0.2s  28 May 2019, version currently loaded is OpenSSL 1.0.2q  20 Nov 2018) - may result in undefined or erroneous behavior
AH00558: apache2: Could not reliably determine the server's fully qualified domain name, using 172.18.0.2. Set the 'ServerName' directive globally to suppress this message
Cannot load Zend OPcache - extension already loaded
PHP Warning:  PHP Startup: Unable to load dynamic library '/usr/local/lib/php/extensions/no-debug-non-zts-20131226/mysqlnd.so' - /usr/local/lib/php/extensions/no-debug-non-zts-20131226/mysqlnd.so: cannot open shared object file: No such file or directory in Unknown on line 0
PHP Warning:  Module 'PDO' already loaded in Unknown on line 0
PHP Warning:  PHP Startup: Unable to load dynamic library '/usr/local/lib/php/extensions/no-debug-non-zts-20131226/xml.so' - /usr/local/lib/php/extensions/no-debug-non-zts-20131226/xml.so: cannot open shared object file: No such file or directory in Unknown on line 0
PHP Warning:  PHP Startup: Unable to load dynamic library '/usr/local/lib/php/extensions/no-debug-non-zts-20131226/calendar.so' - /usr/local/lib/php/extensions/no-debug-non-zts-20131226/calendar.so: cannot open shared object file: No such file or directory in Unknown on line 0
PHP Warning:  PHP Startup: Unable to load dynamic library '/usr/local/lib/php/extensions/no-debug-non-zts-20131226/ctype.so' - /usr/local/lib/php/extensions/no-debug-non-zts-20131226/ctype.so: cannot open shared object file: No such file or directory in Unknown on line 0
PHP Warning:  PHP Startup: Unable to load dynamic library '/usr/local/lib/php/extensions/no-debug-non-zts-20131226/curl.so' - /usr/local/lib/php/extensions/no-debug-non-zts-20131226/curl.so: cannot open shared object file: No such file or directory in Unknown on line 0
PHP Warning:  PHP Startup: Unable to load dynamic library '/usr/local/lib/php/extensions/no-debug-non-zts-20131226/dom.so' - /usr/local/lib/php/extensions/no-debug-non-zts-20131226/dom.so: cannot open shared object file: No such file or directory in Unknown on line 0
PHP Warning:  PHP Startup: Unable to load dynamic library '/usr/local/lib/php/extensions/no-debug-non-zts-20131226/exif.so' - /usr/local/lib/php/extensions/no-debug-non-zts-20131226/exif.so: cannot open shared object file: No such file or directory in Unknown on line 0
PHP Warning:  PHP Startup: Unable to load dynamic library '/usr/local/lib/php/extensions/no-debug-non-zts-20131226/fileinfo.so' - /usr/local/lib/php/extensions/no-debug-non-zts-20131226/fileinfo.so: cannot open shared object file: No such file or directory in Unknown on line 0
PHP Warning:  PHP Startup: Unable to load dynamic library '/usr/local/lib/php/extensions/no-debug-non-zts-20131226/ftp.so' - /usr/local/lib/php/extensions/no-debug-non-zts-20131226/ftp.so: cannot open shared object file: No such file or directory in Unknown on line 0
PHP Warning:  PHP Startup: Unable to load dynamic library '/usr/local/lib/php/extensions/no-debug-non-zts-20131226/gettext.so' - /usr/local/lib/php/extensions/no-debug-non-zts-20131226/gettext.so: cannot open shared object file: No such file or directory in Unknown on line 0
PHP Warning:  PHP Startup: Unable to load dynamic library '/usr/local/lib/php/extensions/no-debug-non-zts-20131226/iconv.so' - /usr/local/lib/php/extensions/no-debug-non-zts-20131226/iconv.so: cannot open shared object file: No such file or directory in Unknown on line 0
PHP Warning:  PHP Startup: Unable to load dynamic library '/usr/local/lib/php/extensions/no-debug-non-zts-20131226/igbinary.so' - /usr/local/lib/php/extensions/no-debug-non-zts-20131226/igbinary.so: cannot open shared object file: No such file or directory in Unknown on line 0
PHP Warning:  PHP Startup: Unable to load dynamic library '/usr/local/lib/php/extensions/no-debug-non-zts-20131226/json.so' - /usr/local/lib/php/extensions/no-debug-non-zts-20131226/json.so: cannot open shared object file: No such file or directory in Unknown on line 0
PHP Warning:  Module 'memcache' already loaded in Unknown on line 0
PHP Warning:  PHP Startup: Unable to load dynamic library '/usr/local/lib/php/extensions/no-debug-non-zts-20131226/msgpack.so' - /usr/local/lib/php/extensions/no-debug-non-zts-20131226/msgpack.so: cannot open shared object file: No such file or directory in Unknown on line 0
PHP Warning:  PHP Startup: Unable to load dynamic library '/usr/local/lib/php/extensions/no-debug-non-zts-20131226/phar.so' - /usr/local/lib/php/extensions/no-debug-non-zts-20131226/phar.so: cannot open shared object file: No such file or directory in Unknown on line 0
PHP Warning:  PHP Startup: Unable to load dynamic library '/usr/local/lib/php/extensions/no-debug-non-zts-20131226/posix.so' - /usr/local/lib/php/extensions/no-debug-non-zts-20131226/posix.so: cannot open shared object file: No such file or directory in Unknown on line 0
PHP Warning:  PHP Startup: Unable to load dynamic library '/usr/local/lib/php/extensions/no-debug-non-zts-20131226/readline.so' - /usr/local/lib/php/extensions/no-debug-non-zts-20131226/readline.so: cannot open shared object file: No such file or directory in Unknown on line 0
PHP Warning:  PHP Startup: Unable to load dynamic library '/usr/local/lib/php/extensions/no-debug-non-zts-20131226/shmop.so' - /usr/local/lib/php/extensions/no-debug-non-zts-20131226/shmop.so: cannot open shared object file: No such file or directory in Unknown on line 0
PHP Warning:  PHP Startup: Unable to load dynamic library '/usr/local/lib/php/extensions/no-debug-non-zts-20131226/simplexml.so' - /usr/local/lib/php/extensions/no-debug-non-zts-20131226/simplexml.so: cannot open shared object file: No such file or directory in Unknown on line 0
PHP Warning:  PHP Startup: Unable to load dynamic library '/usr/local/lib/php/extensions/no-debug-non-zts-20131226/sockets.so' - /usr/local/lib/php/extensions/no-debug-non-zts-20131226/sockets.so: cannot open shared object file: No such file or directory in Unknown on line 0
PHP Warning:  PHP Startup: Unable to load dynamic library '/usr/local/lib/php/extensions/no-debug-non-zts-20131226/sysvmsg.so' - /usr/local/lib/php/extensions/no-debug-non-zts-20131226/sysvmsg.so: cannot open shared object file: No such file or directory in Unknown on line 0
PHP Warning:  PHP Startup: Unable to load dynamic library '/usr/local/lib/php/extensions/no-debug-non-zts-20131226/sysvsem.so' - /usr/local/lib/php/extensions/no-debug-non-zts-20131226/sysvsem.so: cannot open shared object file: No such file or directory in Unknown on line 0
PHP Warning:  PHP Startup: Unable to load dynamic library '/usr/local/lib/php/extensions/no-debug-non-zts-20131226/sysvshm.so' - /usr/local/lib/php/extensions/no-debug-non-zts-20131226/sysvshm.so: cannot open shared object file: No such file or directory in Unknown on line 0
PHP Warning:  PHP Startup: Unable to load dynamic library '/usr/local/lib/php/extensions/no-debug-non-zts-20131226/tokenizer.so' - /usr/local/lib/php/extensions/no-debug-non-zts-20131226/tokenizer.so: cannot open shared object file: No such file or directory in Unknown on line 0
PHP Warning:  PHP Startup: Unable to load dynamic library '/usr/local/lib/php/extensions/no-debug-non-zts-20131226/wddx.so' - /usr/local/lib/php/extensions/no-debug-non-zts-20131226/wddx.so: cannot open shared object file: No such file or directory in Unknown on line 0
PHP Warning:  PHP Startup: Unable to load dynamic library '/usr/local/lib/php/extensions/no-debug-non-zts-20131226/xmlreader.so' - /usr/local/lib/php/extensions/no-debug-non-zts-20131226/xmlreader.so: cannot open shared object file: No such file or directory in Unknown on line 0
PHP Warning:  PHP Startup: Unable to load dynamic library '/usr/local/lib/php/extensions/no-debug-non-zts-20131226/xmlwriter.so' - /usr/local/lib/php/extensions/no-debug-non-zts-20131226/xmlwriter.so: cannot open shared object file: No such file or directory in Unknown on line 0
PHP Warning:  PHP Startup: Unable to load dynamic library '/usr/local/lib/php/extensions/no-debug-non-zts-20131226/xsl.so' - /usr/local/lib/php/extensions/no-debug-non-zts-20131226/xsl.so: cannot open shared object file: No such file or directory in Unknown on line 0
PHP Warning:  Module 'memcached' already loaded in Unknown on line 0
[Mon Apr 12 17:58:56.494624 2021] [ssl:warn] [pid 1] AH01882: Init: this version of mod_ssl was compiled against a newer library (OpenSSL 1.0.2s  28 May 2019, version currently loaded is OpenSSL 1.0.2q  20 Nov 2018) - may result in undefined or erroneous behavior
[Mon Apr 12 17:58:56.498999 2021] [mpm_prefork:notice] [pid 1] AH00163: Apache/2.4.25 (Debian) OpenSSL/1.0.2q configured -- resuming normal operations
[Mon Apr 12 17:58:56.499062 2021] [core:notice] [pid 1] AH00094: Command line: 'apache2 -D FOREGROUND'
